<?xml version="1.0" encoding="UTF-8"?>
<testng-results skipped="0" failed="0" ignored="0" total="1" passed="1">
  <reporter-output>
  </reporter-output>
  <suite name="Default suite" duration-ms="2305" started-at="2020-08-17T10:06:10Z" finished-at="2020-08-17T10:06:13Z">
    <groups>
    </groups>
    <test name="Default test" duration-ms="2305" started-at="2020-08-17T10:06:10Z" finished-at="2020-08-17T10:06:13Z">
      <class name="files.StaticJson">
        <test-method status="PASS" signature="addBook()[pri:0, instance:files.StaticJson@8bd1b6a]" name="addBook" duration-ms="2284" started-at="2020-08-17T10:06:10Z" finished-at="2020-08-17T10:06:13Z">
          <reporter-output>
          </reporter-output>
        </test-method> <!-- addBook -->
      </class> <!-- files.StaticJson -->
    </test> <!-- Default test -->
  </suite> <!-- Default suite -->
</testng-results>
